<?xml version="1.0" encoding="UTF-8"?>
<!-- Generated by org.testng.reporters.JUnitXMLReporter -->
<testsuite hostname="T420-PC" ignored="0" name="Default test" tests="6" failures="0" timestamp="27 Oct 2017 13:28:27 GMT" time="301.948" errors="0">
  <testcase name="verifyContactsPageLabel" time="0.047" classname="com.crm.qa.testcases.ContactsPageTest"/>
  <testcase name="selectSingleContactsTest" time="0.434" classname="com.crm.qa.testcases.ContactsPageTest"/>
  <testcase name="selectMultipleContactsTest" time="0.222" classname="com.crm.qa.testcases.ContactsPageTest"/>
  <testcase name="validateCreateNewContact" time="8.758" classname="com.crm.qa.testcases.ContactsPageTest"/>
  <testcase name="validateCreateNewContact" time="16.212" classname="com.crm.qa.testcases.ContactsPageTest"/>
  <testcase name="validateCreateNewContact" time="9.298" classname="com.crm.qa.testcases.ContactsPageTest"/>
</testsuite> <!-- Default test -->
